{"uid":"42ace40560af89a3","name":"test_one_negative_exception","fullName":"test_allure_section#test_one_negative_exception","historyId":"94f9041d7e887d43962cb69b716f1aa7","time":{"start":1706380843592,"stop":1706380843594,"duration":2},"status":"broken","statusMessage":"Exception: Failed exception here","statusTrace":">   ???\n\n/Users/timofeev/PycharmProjects/allure_section/test/test_allure_section.py:29: \n_ _ _ _ _ _ _ _ _ _ _ _ _ _ _ _ _ _ _ _ _ _ _ _ _ _ _ _ _ _ _ _ _ _ _ _ _ _ _ _ \n\nself = <allure_section._allure_section.SectionContext object at 0x10c52ddf0>\nexc_type = <class 'Exception'>, exc_val = Exception('Failed exception here')\nexc_tb = <traceback object at 0x10c561380>\n\n    def __exit__(self, exc_type, exc_val, exc_tb):\n        \"\"\"Exit from the section context\"\"\"\n        logger.info(f\"Exit from section <{self.title}>\")\n        if self._exceptions:\n            if len(self._exceptions) == 1:\n                exception = self._exceptions[0]\n                exc_type = type(exception)\n                exc_val = exception\n                exc_tb = exception.__traceback__\n            else:\n                exc_type = self._exc_type if self._exc_type in [type(e) for e in self._exceptions] else Exception\n                exc_val = MultipleExceptions(self._exceptions)\n    \n        plugin_manager.hook.stop_step(uuid=self.uuid, title=self.title, exc_type=exc_type, exc_val=exc_val,\n                                      exc_tb=exc_tb)\n        if exc_type:\n>           raise exc_type(exc_val)\nE           Exception: Failed exception here\n\n../allure_section/_allure_section.py:92: Exception","flaky":false,"newFailed":false,"newBroken":false,"newPassed":false,"retriesCount":0,"retriesStatusChange":false,"beforeStages":[],"testStage":{"status":"broken","statusMessage":"Exception: Failed exception here","statusTrace":">   ???\n\n/Users/timofeev/PycharmProjects/allure_section/test/test_allure_section.py:29: \n_ _ _ _ _ _ _ _ _ _ _ _ _ _ _ _ _ _ _ _ _ _ _ _ _ _ _ _ _ _ _ _ _ _ _ _ _ _ _ _ \n\nself = <allure_section._allure_section.SectionContext object at 0x10c52ddf0>\nexc_type = <class 'Exception'>, exc_val = Exception('Failed exception here')\nexc_tb = <traceback object at 0x10c561380>\n\n    def __exit__(self, exc_type, exc_val, exc_tb):\n        \"\"\"Exit from the section context\"\"\"\n        logger.info(f\"Exit from section <{self.title}>\")\n        if self._exceptions:\n            if len(self._exceptions) == 1:\n                exception = self._exceptions[0]\n                exc_type = type(exception)\n                exc_val = exception\n                exc_tb = exception.__traceback__\n            else:\n                exc_type = self._exc_type if self._exc_type in [type(e) for e in self._exceptions] else Exception\n                exc_val = MultipleExceptions(self._exceptions)\n    \n        plugin_manager.hook.stop_step(uuid=self.uuid, title=self.title, exc_type=exc_type, exc_val=exc_val,\n                                      exc_tb=exc_tb)\n        if exc_type:\n>           raise exc_type(exc_val)\nE           Exception: Failed exception here\n\n../allure_section/_allure_section.py:92: Exception","steps":[{"name":"Positive test section","time":{"start":1706380843592,"stop":1706380843593,"duration":1},"status":"broken","statusMessage":"Exception: Failed exception here\n","statusTrace":"  File \"/Users/timofeev/PycharmProjects/allure_section/allure_section/_allure_section.py\", line 104, in step\n    yield\n  File \"/Users/timofeev/PycharmProjects/allure_section/test/test_allure_section.py\", line 23, in test_one_negative_exception\n","steps":[{"name":"First step validation","time":{"start":1706380843592,"stop":1706380843592,"duration":0},"status":"passed","steps":[],"attachments":[],"parameters":[],"shouldDisplayMessage":false,"stepsCount":0,"attachmentsCount":0,"hasContent":false,"attachmentStep":false},{"name":"Second step validation","time":{"start":1706380843592,"stop":1706380843592,"duration":0},"status":"broken","statusMessage":"Exception: Failed exception here\n","statusTrace":"  File \"/Users/timofeev/PycharmProjects/allure_section/allure_section/_allure_section.py\", line 104, in step\n    yield\n  File \"/Users/timofeev/PycharmProjects/allure_section/test/test_allure_section.py\", line 23, in test_one_negative_exception\n","steps":[],"attachments":[],"parameters":[],"shouldDisplayMessage":true,"stepsCount":0,"attachmentsCount":0,"hasContent":true,"attachmentStep":false},{"name":"Third step validation","time":{"start":1706380843593,"stop":1706380843593,"duration":0},"status":"passed","steps":[],"attachments":[],"parameters":[],"shouldDisplayMessage":false,"stepsCount":0,"attachmentsCount":0,"hasContent":false,"attachmentStep":false},{"name":"Fourth step validation","time":{"start":1706380843593,"stop":1706380843593,"duration":0},"status":"passed","steps":[],"attachments":[],"parameters":[],"shouldDisplayMessage":false,"stepsCount":0,"attachmentsCount":0,"hasContent":false,"attachmentStep":false},{"name":"Fifth step validation","time":{"start":1706380843593,"stop":1706380843593,"duration":0},"status":"passed","steps":[],"attachments":[],"parameters":[],"shouldDisplayMessage":false,"stepsCount":0,"attachmentsCount":0,"hasContent":false,"attachmentStep":false}],"attachments":[],"parameters":[],"shouldDisplayMessage":false,"stepsCount":5,"attachmentsCount":0,"hasContent":true,"attachmentStep":false}],"attachments":[{"uid":"863d9d496f25c5f3","name":"log","source":"863d9d496f25c5f3.txt","type":"text/plain","size":86}],"parameters":[],"shouldDisplayMessage":true,"stepsCount":6,"attachmentsCount":1,"hasContent":true,"attachmentStep":false},"afterStages":[],"labels":[{"name":"suite","value":"test_allure_section"},{"name":"host","value":"MacBook-Pro-Alexander.local"},{"name":"thread","value":"44357-MainThread"},{"name":"framework","value":"pytest"},{"name":"language","value":"cpython3"},{"name":"package","value":"test_allure_section"},{"name":"resultFormat","value":"allure2"}],"parameters":[],"links":[],"hidden":false,"retry":false,"extra":{"severity":"normal","retries":[],"categories":[{"name":"Test defects","matchedStatuses":[],"flaky":false}],"tags":[]},"source":"42ace40560af89a3.json","parameterValues":[]}